<?xml version="1.0" encoding="utf-8"?><testsuites name="pytest tests"><testsuite name="pytest" errors="0" failures="4" skipped="0" tests="42" time="41.746" timestamp="2025-08-01T10:03:14.083855-04:00" hostname="kmac"><testcase classname="tests.test_data_management.TestMarketDataRetrieval" name="test_market_data_provider_connection" time="0.013" /><testcase classname="tests.test_data_management.TestMarketDataRetrieval" name="test_market_data_from_file_connection" time="0.002" /><testcase classname="tests.test_data_management.TestMarketDataRetrieval" name="test_data_frequency_mapping" time="0.014" /><testcase classname="tests.test_data_management.TestMarketDataRetrieval" name="test_data_date_range_validation" time="0.014" /><testcase classname="tests.test_data_management.TestMarketDataRetrieval" name="test_data_symbol_validation" time="0.002" /><testcase classname="tests.test_data_management.TestMarketDataRetrieval" name="test_data_missing_handling" time="0.016" /><testcase classname="tests.test_data_management.TestMarketDataRetrieval" name="test_data_format_consistency" time="0.007" /><testcase classname="tests.test_data_management.TestMarketDataRetrieval" name="test_data_timezone_handling" time="0.005" /><testcase classname="tests.test_data_management.TestDataQuality" name="test_data_completeness" time="0.008" /><testcase classname="tests.test_data_management.TestDataQuality" name="test_data_logical_consistency" time="0.011" /><testcase classname="tests.test_data_management.TestDataQuality" name="test_data_volume_presence" time="0.007" /><testcase classname="tests.test_data_management.TestDataQuality" name="test_data_price_precision" time="0.010"><failure message="AssertionError: Too many decimal places in Open: 4499.5157208224855&#10;assert 13 &lt;= 4">tests/test_data_management.py:342: in test_data_price_precision
    assert decimal_places &lt;= 4, f"Too many decimal places in {col}: {price_str}"
E   AssertionError: Too many decimal places in Open: 4499.5157208224855
E   assert 13 &lt;= 4</failure></testcase><testcase classname="tests.test_data_management.TestDataQuality" name="test_data_chronological_order" time="0.013" /><testcase classname="tests.test_integration.TestEndToEndStrategyTests" name="test_complete_strategy_execution" time="2.092" /><testcase classname="tests.test_integration.TestEndToEndStrategyTests" name="test_multi_day_backtest" time="1.075"><failure message="AssertionError: Trade should not span multiple days: 2023-01-04 to 2023-01-05&#10;assert datetime.date(2023, 1, 4) == datetime.date(2023, 1, 5)">tests/test_integration.py:144: in test_multi_day_backtest
    assert entry_date == exit_date, f"Trade should not span multiple days: {entry_date} to {exit_date}"
E   AssertionError: Trade should not span multiple days: 2023-01-04 to 2023-01-05
E   assert datetime.date(2023, 1, 4) == datetime.date(2023, 1, 5)</failure></testcase><testcase classname="tests.test_integration.TestEndToEndStrategyTests" name="test_parameter_sensitivity_analysis" time="3.702" /><testcase classname="tests.test_integration.TestComponentIntegration" name="test_data_strategy_integration" time="8.157" /><testcase classname="tests.test_integration.TestComponentIntegration" name="test_strategy_analytics_integration" time="0.237" /><testcase classname="tests.test_integration.TestComponentIntegration" name="test_parameter_loading_integration" time="0.002" /><testcase classname="tests.test_strategy_parameters.TestParameterValidation" name="test_initial_capital_validation" time="0.001" /><testcase classname="tests.test_strategy_parameters.TestParameterValidation" name="test_risk_per_trade_bounds" time="0.004" /><testcase classname="tests.test_strategy_parameters.TestParameterValidation" name="test_opening_range_minutes" time="0.002" /><testcase classname="tests.test_strategy_parameters.TestParameterValidation" name="test_entry_threshold_validation" time="0.001" /><testcase classname="tests.test_strategy_parameters.TestParameterValidation" name="test_stop_loss_validation" time="0.001" /><testcase classname="tests.test_strategy_parameters.TestParameterValidation" name="test_profit_target_validation" time="0.001" /><testcase classname="tests.test_strategy_parameters.TestParameterValidation" name="test_directional_bias_multiplier" time="0.001" /><testcase classname="tests.test_strategy_parameters.TestParameterValidation" name="test_transaction_cost_parameters" time="0.001" /><testcase classname="tests.test_strategy_parameters.TestParameterRelationships" name="test_risk_reward_ratio_calculation" time="0.001" /><testcase classname="tests.test_strategy_parameters.TestParameterRelationships" name="test_cost_viability_check" time="0.002" /><testcase classname="tests.test_strategy_parameters.TestParameterRelationships" name="test_position_sizing_formula" time="0.001" /><testcase classname="tests.test_strategy_parameters.TestParameterRelationships" name="test_leverage_constraints" time="0.002"><failure message="AssertionError: 2:1 leverage should use 50% margin&#10;assert 0.5 &lt; 0.01&#10; +  where 0.5 = abs((1.0 - 0.5))">tests/test_strategy_parameters.py:381: in test_leverage_constraints
    assert abs(margin_utilization - 0.5) &lt; 0.01, "2:1 leverage should use 50% margin"
E   AssertionError: 2:1 leverage should use 50% margin
E   assert 0.5 &lt; 0.01
E    +  where 0.5 = abs((1.0 - 0.5))</failure></testcase><testcase classname="tests.test_ui_components.TestDateSelectionAndInput" name="test_date_input_manual_entry" time="0.009"><failure message="Failed: DID NOT RAISE any of (&lt;class 'ValueError'&gt;, &lt;class 'TypeError'&gt;)">tests/test_ui_components.py:54: in test_date_input_manual_entry
    with pytest.raises((ValueError, TypeError)):
         ^^^^^^^^^^^^^^^^^^^^^^^^^^^^^^^^^^^^^^
E   Failed: DID NOT RAISE any of (&lt;class 'ValueError'&gt;, &lt;class 'TypeError'&gt;)</failure></testcase><testcase classname="tests.test_ui_components.TestDateSelectionAndInput" name="test_date_input_calendar_widget" time="0.006" /><testcase classname="tests.test_ui_components.TestDateSelectionAndInput" name="test_date_range_validation" time="0.002" /><testcase classname="tests.test_ui_components.TestParameterFileManagement" name="test_save_parameters_to_file" time="0.005" /><testcase classname="tests.test_ui_components.TestParameterFileManagement" name="test_parameter_file_naming" time="1.002" /><testcase classname="tests.test_ui_components.TestChartGenerationAndVisualization" name="test_plotly_chart_rendering" time="0.010" /><testcase classname="tests.test_ui_components.TestChartGenerationAndVisualization" name="test_candlestick_chart_accuracy" time="0.009" /><testcase classname="tests.test_ui_components.TestPDFReportGeneration" name="test_pdf_report_creation" time="0.169" /><testcase classname="tests.test_ui_components.TestPDFReportGeneration" name="test_pdf_file_naming" time="1.003" /><testcase classname="tests.test_ui_components.TestUserExperienceAndInteraction" name="test_loading_spinners" time="0.108" /><testcase classname="tests.test_ui_components.TestUserExperienceAndInteraction" name="test_success_error_messages" time="0.013" /></testsuite></testsuites>